app/build/intermediates/manifest_merge_blame_file/debug/processDebugMainManifest/manifest-merger-blame-debug-report.txt
1<?xml version="1.0" encoding="utf-8"?>
2<manifest xmlns:android="http://schemas.android.com/apk/res/android"
3    package="com.hotelops"
4    android:versionCode="1"
5    android:versionName="1.0" >
6
7    <uses-sdk
8        android:minSdkVersion="24"
9        android:targetSdkVersion="35" />
10
11    <uses-permission android:name="android.permission.INTERNET" />
11-->src\main\AndroidManifest.xml:5:5-67
11-->src\main\AndroidManifest.xml:5:22-64
12    <uses-permission android:name="android.permission.CAMERA" />
12-->src\main\AndroidManifest.xml:6:5-65
12-->src\main\AndroidManifest.xml:6:22-62
13    <uses-permission android:name="android.permission.POST_NOTIFICATIONS" />
13-->src\main\AndroidManifest.xml:7:5-77
13-->src\main\AndroidManifest.xml:7:22-74
14    <uses-permission android:name="android.permission.ACCESS_NETWORK_STATE" />
14-->src\main\AndroidManifest.xml:8:5-79
14-->src\main\AndroidManifest.xml:8:22-76
15
16    <uses-feature
16-->src\main\AndroidManifest.xml:10:5-12:36
17        android:name="android.hardware.camera"
17-->src\main\AndroidManifest.xml:11:9-47
18        android:required="false" />
18-->src\main\AndroidManifest.xml:12:9-33
19
20    <uses-permission android:name="android.permission.WAKE_LOCK" /> <!-- Required by older versions of Google Play services to create IID tokens -->
20-->[com.google.firebase:firebase-messaging:23.4.0] AndroidManifest.xml:24:5-68
20-->[com.google.firebase:firebase-messaging:23.4.0] AndroidManifest.xml:24:22-65
21    <uses-permission android:name="com.google.android.c2dm.permission.RECEIVE" />
21-->[com.google.firebase:firebase-messaging:23.4.0] AndroidManifest.xml:26:5-82
21-->[com.google.firebase:firebase-messaging:23.4.0] AndroidManifest.xml:26:22-79
22    <uses-permission android:name="com.google.android.finsky.permission.BIND_GET_INSTALL_REFERRER_SERVICE" />
22-->[com.google.android.gms:play-services-measurement:21.5.0] AndroidManifest.xml:26:5-110
22-->[com.google.android.gms:play-services-measurement:21.5.0] AndroidManifest.xml:26:22-107
23    <uses-permission android:name="com.google.android.gms.permission.AD_ID" />
23-->[com.google.android.gms:play-services-measurement-api:21.5.0] AndroidManifest.xml:25:5-79
23-->[com.google.android.gms:play-services-measurement-api:21.5.0] AndroidManifest.xml:25:22-76
24    <uses-permission android:name="android.permission.ACCESS_ADSERVICES_ATTRIBUTION" />
24-->[com.google.android.gms:play-services-measurement-api:21.5.0] AndroidManifest.xml:26:5-88
24-->[com.google.android.gms:play-services-measurement-api:21.5.0] AndroidManifest.xml:26:22-85
25    <uses-permission android:name="android.permission.ACCESS_ADSERVICES_AD_ID" />
25-->[com.google.android.gms:play-services-measurement-api:21.5.0] AndroidManifest.xml:27:5-82
25-->[com.google.android.gms:play-services-measurement-api:21.5.0] AndroidManifest.xml:27:22-79
26    <uses-permission android:name="android.permission.RECEIVE_BOOT_COMPLETED" />
26-->[androidx.work:work-runtime:2.9.0] AndroidManifest.xml:25:5-81
26-->[androidx.work:work-runtime:2.9.0] AndroidManifest.xml:25:22-78
27    <uses-permission android:name="android.permission.FOREGROUND_SERVICE" />
27-->[androidx.work:work-runtime:2.9.0] AndroidManifest.xml:26:5-77
27-->[androidx.work:work-runtime:2.9.0] AndroidManifest.xml:26:22-74
28
29    <permission
29-->[androidx.core:core:1.12.0] AndroidManifest.xml:22:5-24:47
30        android:name="com.hotelops.DYNAMIC_RECEIVER_NOT_EXPORTED_PERMISSION"
30-->[androidx.core:core:1.12.0] AndroidManifest.xml:23:9-81
31        android:protectionLevel="signature" />
31-->[androidx.core:core:1.12.0] AndroidManifest.xml:24:9-44
32
33    <uses-permission android:name="com.hotelops.DYNAMIC_RECEIVER_NOT_EXPORTED_PERMISSION" />
33-->[androidx.core:core:1.12.0] AndroidManifest.xml:26:5-97
33-->[androidx.core:core:1.12.0] AndroidManifest.xml:26:22-94
34
35    <application
35-->src\main\AndroidManifest.xml:14:5-56:19
36        android:name="com.hotelops.HotelOpsApplication"
36-->src\main\AndroidManifest.xml:15:9-44
37        android:allowBackup="true"
37-->src\main\AndroidManifest.xml:16:9-35
38        android:appComponentFactory="androidx.core.app.CoreComponentFactory"
38-->[androidx.core:core:1.12.0] AndroidManifest.xml:28:18-86
39        android:dataExtractionRules="@xml/data_extraction_rules"
39-->src\main\AndroidManifest.xml:17:9-65
40        android:debuggable="true"
41        android:extractNativeLibs="true"
42        android:fullBackupContent="@xml/backup_rules"
42-->src\main\AndroidManifest.xml:18:9-54
43        android:icon="@mipmap/ic_launcher"
43-->src\main\AndroidManifest.xml:19:9-43
44        android:label="@string/app_name"
44-->src\main\AndroidManifest.xml:20:9-41
45        android:roundIcon="@mipmap/ic_launcher_round"
45-->src\main\AndroidManifest.xml:21:9-54
46        android:supportsRtl="true"
46-->src\main\AndroidManifest.xml:22:9-35
47        android:theme="@style/Theme.HotelOps" >
47-->src\main\AndroidManifest.xml:23:9-46
48        <activity
48-->src\main\AndroidManifest.xml:26:9-34:20
49            android:name="com.hotelops.MainActivity"
49-->src\main\AndroidManifest.xml:27:13-41
50            android:exported="true"
50-->src\main\AndroidManifest.xml:28:13-36
51            android:theme="@style/Theme.HotelOps" >
51-->src\main\AndroidManifest.xml:29:13-50
52            <intent-filter>
52-->src\main\AndroidManifest.xml:30:13-33:29
53                <action android:name="android.intent.action.MAIN" />
53-->src\main\AndroidManifest.xml:31:17-69
53-->src\main\AndroidManifest.xml:31:25-66
54
55                <category android:name="android.intent.category.LAUNCHER" />
55-->src\main\AndroidManifest.xml:32:17-77
55-->src\main\AndroidManifest.xml:32:27-74
56            </intent-filter>
57        </activity>
58
59        <!-- Firebase Messaging Service -->
60        <service
60-->src\main\AndroidManifest.xml:37:9-43:19
61            android:name="com.hotelops.HotelOpsMessagingService"
61-->src\main\AndroidManifest.xml:38:13-53
62            android:exported="false" >
62-->src\main\AndroidManifest.xml:39:13-37
63            <intent-filter>
63-->src\main\AndroidManifest.xml:40:13-42:29
64                <action android:name="com.google.firebase.MESSAGING_EVENT" />
64-->src\main\AndroidManifest.xml:41:17-78
64-->src\main\AndroidManifest.xml:41:25-75
65            </intent-filter>
66        </service>
67
68        <!-- WorkManager initialization -->
69        <provider
70            android:name="androidx.startup.InitializationProvider"
70-->src\main\AndroidManifest.xml:47:13-67
71            android:authorities="com.hotelops.androidx-startup"
71-->src\main\AndroidManifest.xml:48:13-68
72            android:exported="false" >
72-->src\main\AndroidManifest.xml:49:13-37
73            <meta-data
73-->src\main\AndroidManifest.xml:51:13-53:52
74                android:name="androidx.work.WorkManagerInitializer"
74-->src\main\AndroidManifest.xml:52:17-68
75                android:value="androidx.startup" />
75-->src\main\AndroidManifest.xml:53:17-49
76            <meta-data
76-->[androidx.emoji2:emoji2:1.3.0] AndroidManifest.xml:29:13-31:52
77                android:name="androidx.emoji2.text.EmojiCompatInitializer"
77-->[androidx.emoji2:emoji2:1.3.0] AndroidManifest.xml:30:17-75
78                android:value="androidx.startup" />
78-->[androidx.emoji2:emoji2:1.3.0] AndroidManifest.xml:31:17-49
79            <meta-data
79-->[androidx.lifecycle:lifecycle-process:2.7.0] AndroidManifest.xml:29:13-31:52
80                android:name="androidx.lifecycle.ProcessLifecycleInitializer"
80-->[androidx.lifecycle:lifecycle-process:2.7.0] AndroidManifest.xml:30:17-78
81                android:value="androidx.startup" />
81-->[androidx.lifecycle:lifecycle-process:2.7.0] AndroidManifest.xml:31:17-49
82            <meta-data
82-->[androidx.profileinstaller:profileinstaller:1.3.1] AndroidManifest.xml:29:13-31:52
83                android:name="androidx.profileinstaller.ProfileInstallerInitializer"
83-->[androidx.profileinstaller:profileinstaller:1.3.1] AndroidManifest.xml:30:17-85
84                android:value="androidx.startup" />
84-->[androidx.profileinstaller:profileinstaller:1.3.1] AndroidManifest.xml:31:17-49
85        </provider>
86
87        <!--
88        Service for holding metadata. Cannot be instantiated.
89        Metadata will be merged from other manifests.
90        -->
91        <service
91-->[androidx.camera:camera-core:1.3.1] AndroidManifest.xml:29:9-33:78
92            android:name="androidx.camera.core.impl.MetadataHolderService"
92-->[androidx.camera:camera-core:1.3.1] AndroidManifest.xml:30:13-75
93            android:enabled="false"
93-->[androidx.camera:camera-core:1.3.1] AndroidManifest.xml:31:13-36
94            android:exported="false" >
94-->[androidx.camera:camera-core:1.3.1] AndroidManifest.xml:32:13-37
95            <meta-data
95-->[androidx.camera:camera-camera2:1.3.1] AndroidManifest.xml:30:13-32:89
96                android:name="androidx.camera.core.impl.MetadataHolderService.DEFAULT_CONFIG_PROVIDER"
96-->[androidx.camera:camera-camera2:1.3.1] AndroidManifest.xml:31:17-103
97                android:value="androidx.camera.camera2.Camera2Config$DefaultProvider" />
97-->[androidx.camera:camera-camera2:1.3.1] AndroidManifest.xml:32:17-86
98        </service>
99
100        <activity
100-->[androidx.compose.ui:ui-tooling-android:1.6.1] AndroidManifest.xml:23:9-25:39
101            android:name="androidx.compose.ui.tooling.PreviewActivity"
101-->[androidx.compose.ui:ui-tooling-android:1.6.1] AndroidManifest.xml:24:13-71
102            android:exported="true" />
102-->[androidx.compose.ui:ui-tooling-android:1.6.1] AndroidManifest.xml:25:13-36
103        <activity
103-->[androidx.compose.ui:ui-test-manifest:1.6.1] AndroidManifest.xml:23:9-25:39
104            android:name="androidx.activity.ComponentActivity"
104-->[androidx.compose.ui:ui-test-manifest:1.6.1] AndroidManifest.xml:24:13-63
105            android:exported="true" />
105-->[androidx.compose.ui:ui-test-manifest:1.6.1] AndroidManifest.xml:25:13-36
106        <activity
106-->[com.google.firebase:firebase-auth:22.3.0] AndroidManifest.xml:29:9-46:20
107            android:name="com.google.firebase.auth.internal.GenericIdpActivity"
107-->[com.google.firebase:firebase-auth:22.3.0] AndroidManifest.xml:30:13-80
108            android:excludeFromRecents="true"
108-->[com.google.firebase:firebase-auth:22.3.0] AndroidManifest.xml:31:13-46
109            android:exported="true"
109-->[com.google.firebase:firebase-auth:22.3.0] AndroidManifest.xml:32:13-36
110            android:launchMode="singleTask"
110-->[com.google.firebase:firebase-auth:22.3.0] AndroidManifest.xml:33:13-44
111            android:theme="@android:style/Theme.Translucent.NoTitleBar" >
111-->[com.google.firebase:firebase-auth:22.3.0] AndroidManifest.xml:34:13-72
112            <intent-filter>
112-->[com.google.firebase:firebase-auth:22.3.0] AndroidManifest.xml:35:13-45:29
113                <action android:name="android.intent.action.VIEW" />
113-->[com.google.firebase:firebase-auth:22.3.0] AndroidManifest.xml:36:17-69
113-->[com.google.firebase:firebase-auth:22.3.0] AndroidManifest.xml:36:25-66
114
115                <category android:name="android.intent.category.DEFAULT" />
115-->[com.google.firebase:firebase-auth:22.3.0] AndroidManifest.xml:38:17-76
115-->[com.google.firebase:firebase-auth:22.3.0] AndroidManifest.xml:38:27-73
116                <category android:name="android.intent.category.BROWSABLE" />
116-->[com.google.firebase:firebase-auth:22.3.0] AndroidManifest.xml:39:17-78
116-->[com.google.firebase:firebase-auth:22.3.0] AndroidManifest.xml:39:27-75
117
118                <data
118-->[com.google.firebase:firebase-auth:22.3.0] AndroidManifest.xml:41:17-44:51
119                    android:host="firebase.auth"
119-->[com.google.firebase:firebase-auth:22.3.0] AndroidManifest.xml:42:21-49
120                    android:path="/"
120-->[com.google.firebase:firebase-auth:22.3.0] AndroidManifest.xml:43:21-37
121                    android:scheme="genericidp" />
121-->[com.google.firebase:firebase-auth:22.3.0] AndroidManifest.xml:44:21-48
122            </intent-filter>
123        </activity>
124        <activity
124-->[com.google.firebase:firebase-auth:22.3.0] AndroidManifest.xml:47:9-64:20
125            android:name="com.google.firebase.auth.internal.RecaptchaActivity"
125-->[com.google.firebase:firebase-auth:22.3.0] AndroidManifest.xml:48:13-79
126            android:excludeFromRecents="true"
126-->[com.google.firebase:firebase-auth:22.3.0] AndroidManifest.xml:49:13-46
127            android:exported="true"
127-->[com.google.firebase:firebase-auth:22.3.0] AndroidManifest.xml:50:13-36
128            android:launchMode="singleTask"
128-->[com.google.firebase:firebase-auth:22.3.0] AndroidManifest.xml:51:13-44
129            android:theme="@android:style/Theme.Translucent.NoTitleBar" >
129-->[com.google.firebase:firebase-auth:22.3.0] AndroidManifest.xml:52:13-72
130            <intent-filter>
130-->[com.google.firebase:firebase-auth:22.3.0] AndroidManifest.xml:53:13-63:29
131                <action android:name="android.intent.action.VIEW" />
131-->[com.google.firebase:firebase-auth:22.3.0] AndroidManifest.xml:36:17-69
131-->[com.google.firebase:firebase-auth:22.3.0] AndroidManifest.xml:36:25-66
132
133                <category android:name="android.intent.category.DEFAULT" />
133-->[com.google.firebase:firebase-auth:22.3.0] AndroidManifest.xml:38:17-76
133-->[com.google.firebase:firebase-auth:22.3.0] AndroidManifest.xml:38:27-73
134                <category android:name="android.intent.category.BROWSABLE" />
134-->[com.google.firebase:firebase-auth:22.3.0] AndroidManifest.xml:39:17-78
134-->[com.google.firebase:firebase-auth:22.3.0] AndroidManifest.xml:39:27-75
135
136                <data
136-->[com.google.firebase:firebase-auth:22.3.0] AndroidManifest.xml:41:17-44:51
137                    android:host="firebase.auth"
137-->[com.google.firebase:firebase-auth:22.3.0] AndroidManifest.xml:42:21-49
138                    android:path="/"
138-->[com.google.firebase:firebase-auth:22.3.0] AndroidManifest.xml:43:21-37
139                    android:scheme="recaptcha" />
139-->[com.google.firebase:firebase-auth:22.3.0] AndroidManifest.xml:44:21-48
140            </intent-filter>
141        </activity>
142
143        <service
143-->[com.google.firebase:firebase-auth:22.3.0] AndroidManifest.xml:66:9-72:19
144            android:name="com.google.firebase.components.ComponentDiscoveryService"
144-->[com.google.firebase:firebase-auth:22.3.0] AndroidManifest.xml:67:13-84
145            android:directBootAware="true"
145-->[com.google.firebase:firebase-common:20.4.2] AndroidManifest.xml:32:13-43
146            android:exported="false" >
146-->[com.google.firebase:firebase-auth:22.3.0] AndroidManifest.xml:68:13-37
147            <meta-data
147-->[com.google.firebase:firebase-auth:22.3.0] AndroidManifest.xml:69:13-71:85
148                android:name="com.google.firebase.components:com.google.firebase.auth.FirebaseAuthRegistrar"
148-->[com.google.firebase:firebase-auth:22.3.0] AndroidManifest.xml:70:17-109
149                android:value="com.google.firebase.components.ComponentRegistrar" />
149-->[com.google.firebase:firebase-auth:22.3.0] AndroidManifest.xml:71:17-82
150            <meta-data
150-->[com.google.firebase:firebase-firestore:24.10.0] AndroidManifest.xml:17:13-19:85
151                android:name="com.google.firebase.components:com.google.firebase.firestore.FirebaseFirestoreKtxRegistrar"
151-->[com.google.firebase:firebase-firestore:24.10.0] AndroidManifest.xml:18:17-122
152                android:value="com.google.firebase.components.ComponentRegistrar" />
152-->[com.google.firebase:firebase-firestore:24.10.0] AndroidManifest.xml:19:17-82
153            <meta-data
153-->[com.google.firebase:firebase-firestore:24.10.0] AndroidManifest.xml:20:13-22:85
154                android:name="com.google.firebase.components:com.google.firebase.firestore.FirestoreRegistrar"
154-->[com.google.firebase:firebase-firestore:24.10.0] AndroidManifest.xml:21:17-111
155                android:value="com.google.firebase.components.ComponentRegistrar" />
155-->[com.google.firebase:firebase-firestore:24.10.0] AndroidManifest.xml:22:17-82
156            <meta-data
156-->[com.google.firebase:firebase-messaging:23.4.0] AndroidManifest.xml:57:13-59:85
157                android:name="com.google.firebase.components:com.google.firebase.messaging.FirebaseMessagingKtxRegistrar"
157-->[com.google.firebase:firebase-messaging:23.4.0] AndroidManifest.xml:58:17-122
158                android:value="com.google.firebase.components.ComponentRegistrar" />
158-->[com.google.firebase:firebase-messaging:23.4.0] AndroidManifest.xml:59:17-82
159            <meta-data
159-->[com.google.firebase:firebase-messaging:23.4.0] AndroidManifest.xml:60:13-62:85
160                android:name="com.google.firebase.components:com.google.firebase.messaging.FirebaseMessagingRegistrar"
160-->[com.google.firebase:firebase-messaging:23.4.0] AndroidManifest.xml:61:17-119
161                android:value="com.google.firebase.components.ComponentRegistrar" />
161-->[com.google.firebase:firebase-messaging:23.4.0] AndroidManifest.xml:62:17-82
162            <meta-data
162-->[com.google.android.gms:play-services-measurement-api:21.5.0] AndroidManifest.xml:37:13-39:85
163                android:name="com.google.firebase.components:com.google.firebase.analytics.connector.internal.AnalyticsConnectorRegistrar"
163-->[com.google.android.gms:play-services-measurement-api:21.5.0] AndroidManifest.xml:38:17-139
164                android:value="com.google.firebase.components.ComponentRegistrar" />
164-->[com.google.android.gms:play-services-measurement-api:21.5.0] AndroidManifest.xml:39:17-82
165            <meta-data
165-->[com.google.firebase:firebase-storage:20.3.0] AndroidManifest.xml:30:13-32:85
166                android:name="com.google.firebase.components:com.google.firebase.storage.FirebaseStorageKtxRegistrar"
166-->[com.google.firebase:firebase-storage:20.3.0] AndroidManifest.xml:31:17-118
167                android:value="com.google.firebase.components.ComponentRegistrar" />
167-->[com.google.firebase:firebase-storage:20.3.0] AndroidManifest.xml:32:17-82
168            <meta-data
168-->[com.google.firebase:firebase-storage:20.3.0] AndroidManifest.xml:33:13-35:85
169                android:name="com.google.firebase.components:com.google.firebase.storage.StorageRegistrar"
169-->[com.google.firebase:firebase-storage:20.3.0] AndroidManifest.xml:34:17-107
170                android:value="com.google.firebase.components.ComponentRegistrar" />
170-->[com.google.firebase:firebase-storage:20.3.0] AndroidManifest.xml:35:17-82
171            <meta-data
171-->[com.google.firebase:firebase-installations:17.2.0] AndroidManifest.xml:15:13-17:85
172                android:name="com.google.firebase.components:com.google.firebase.installations.FirebaseInstallationsKtxRegistrar"
172-->[com.google.firebase:firebase-installations:17.2.0] AndroidManifest.xml:16:17-130
173                android:value="com.google.firebase.components.ComponentRegistrar" />
173-->[com.google.firebase:firebase-installations:17.2.0] AndroidManifest.xml:17:17-82
174            <meta-data
174-->[com.google.firebase:firebase-installations:17.2.0] AndroidManifest.xml:18:13-20:85
175                android:name="com.google.firebase.components:com.google.firebase.installations.FirebaseInstallationsRegistrar"
175-->[com.google.firebase:firebase-installations:17.2.0] AndroidManifest.xml:19:17-127
176                android:value="com.google.firebase.components.ComponentRegistrar" />
176-->[com.google.firebase:firebase-installations:17.2.0] AndroidManifest.xml:20:17-82
177            <meta-data
177-->[com.google.firebase:firebase-appcheck:17.1.1] AndroidManifest.xml:25:13-27:85
178                android:name="com.google.firebase.components:com.google.firebase.appcheck.FirebaseAppCheckKtxRegistrar"
178-->[com.google.firebase:firebase-appcheck:17.1.1] AndroidManifest.xml:26:17-120
179                android:value="com.google.firebase.components.ComponentRegistrar" />
179-->[com.google.firebase:firebase-appcheck:17.1.1] AndroidManifest.xml:27:17-82
180            <meta-data
180-->[com.google.firebase:firebase-appcheck:17.1.1] AndroidManifest.xml:28:13-30:85
181                android:name="com.google.firebase.components:com.google.firebase.appcheck.FirebaseAppCheckRegistrar"
181-->[com.google.firebase:firebase-appcheck:17.1.1] AndroidManifest.xml:29:17-117
182                android:value="com.google.firebase.components.ComponentRegistrar" />
182-->[com.google.firebase:firebase-appcheck:17.1.1] AndroidManifest.xml:30:17-82
183            <meta-data
183-->[com.google.firebase:firebase-common-ktx:20.4.2] AndroidManifest.xml:12:13-14:85
184                android:name="com.google.firebase.components:com.google.firebase.ktx.FirebaseCommonLegacyRegistrar"
184-->[com.google.firebase:firebase-common-ktx:20.4.2] AndroidManifest.xml:13:17-116
185                android:value="com.google.firebase.components.ComponentRegistrar" />
185-->[com.google.firebase:firebase-common-ktx:20.4.2] AndroidManifest.xml:14:17-82
186            <meta-data
186-->[com.google.firebase:firebase-common:20.4.2] AndroidManifest.xml:35:13-37:85
187                android:name="com.google.firebase.components:com.google.firebase.FirebaseCommonKtxRegistrar"
187-->[com.google.firebase:firebase-common:20.4.2] AndroidManifest.xml:36:17-109
188                android:value="com.google.firebase.components.ComponentRegistrar" />
188-->[com.google.firebase:firebase-common:20.4.2] AndroidManifest.xml:37:17-82
189            <meta-data
189-->[com.google.firebase:firebase-datatransport:18.1.7] AndroidManifest.xml:27:13-29:85
190                android:name="com.google.firebase.components:com.google.firebase.datatransport.TransportRegistrar"
190-->[com.google.firebase:firebase-datatransport:18.1.7] AndroidManifest.xml:28:17-115
191                android:value="com.google.firebase.components.ComponentRegistrar" />
191-->[com.google.firebase:firebase-datatransport:18.1.7] AndroidManifest.xml:29:17-82
192        </service>
193
194        <receiver
194-->[com.google.firebase:firebase-messaging:23.4.0] AndroidManifest.xml:29:9-40:20
195            android:name="com.google.firebase.iid.FirebaseInstanceIdReceiver"
195-->[com.google.firebase:firebase-messaging:23.4.0] AndroidManifest.xml:30:13-78
196            android:exported="true"
196-->[com.google.firebase:firebase-messaging:23.4.0] AndroidManifest.xml:31:13-36
197            android:permission="com.google.android.c2dm.permission.SEND" >
197-->[com.google.firebase:firebase-messaging:23.4.0] AndroidManifest.xml:32:13-73
198            <intent-filter>
198-->[com.google.firebase:firebase-messaging:23.4.0] AndroidManifest.xml:33:13-35:29
199                <action android:name="com.google.android.c2dm.intent.RECEIVE" />
199-->[com.google.firebase:firebase-messaging:23.4.0] AndroidManifest.xml:34:17-81
199-->[com.google.firebase:firebase-messaging:23.4.0] AndroidManifest.xml:34:25-78
200            </intent-filter>
201
202            <meta-data
202-->[com.google.firebase:firebase-messaging:23.4.0] AndroidManifest.xml:37:13-39:40
203                android:name="com.google.android.gms.cloudmessaging.FINISHED_AFTER_HANDLED"
203-->[com.google.firebase:firebase-messaging:23.4.0] AndroidManifest.xml:38:17-92
204                android:value="true" />
204-->[com.google.firebase:firebase-messaging:23.4.0] AndroidManifest.xml:39:17-37
205        </receiver>
206        <!--
207             FirebaseMessagingService performs security checks at runtime,
208             but set to not exported to explicitly avoid allowing another app to call it.
209        -->
210        <service
210-->[com.google.firebase:firebase-messaging:23.4.0] AndroidManifest.xml:46:9-53:19
211            android:name="com.google.firebase.messaging.FirebaseMessagingService"
211-->[com.google.firebase:firebase-messaging:23.4.0] AndroidManifest.xml:47:13-82
212            android:directBootAware="true"
212-->[com.google.firebase:firebase-messaging:23.4.0] AndroidManifest.xml:48:13-43
213            android:exported="false" >
213-->[com.google.firebase:firebase-messaging:23.4.0] AndroidManifest.xml:49:13-37
214            <intent-filter android:priority="-500" >
214-->src\main\AndroidManifest.xml:40:13-42:29
215                <action android:name="com.google.firebase.MESSAGING_EVENT" />
215-->src\main\AndroidManifest.xml:41:17-78
215-->src\main\AndroidManifest.xml:41:25-75
216            </intent-filter>
217        </service>
218
219        <receiver
219-->[com.google.android.gms:play-services-measurement:21.5.0] AndroidManifest.xml:29:9-33:20
220            android:name="com.google.android.gms.measurement.AppMeasurementReceiver"
220-->[com.google.android.gms:play-services-measurement:21.5.0] AndroidManifest.xml:30:13-85
221            android:enabled="true"
221-->[com.google.android.gms:play-services-measurement:21.5.0] AndroidManifest.xml:31:13-35
222            android:exported="false" >
222-->[com.google.android.gms:play-services-measurement:21.5.0] AndroidManifest.xml:32:13-37
223        </receiver>
224
225        <service
225-->[com.google.android.gms:play-services-measurement:21.5.0] AndroidManifest.xml:35:9-38:40
226            android:name="com.google.android.gms.measurement.AppMeasurementService"
226-->[com.google.android.gms:play-services-measurement:21.5.0] AndroidManifest.xml:36:13-84
227            android:enabled="true"
227-->[com.google.android.gms:play-services-measurement:21.5.0] AndroidManifest.xml:37:13-35
228            android:exported="false" />
228-->[com.google.android.gms:play-services-measurement:21.5.0] AndroidManifest.xml:38:13-37
229        <service
229-->[com.google.android.gms:play-services-measurement:21.5.0] AndroidManifest.xml:39:9-43:72
230            android:name="com.google.android.gms.measurement.AppMeasurementJobService"
230-->[com.google.android.gms:play-services-measurement:21.5.0] AndroidManifest.xml:40:13-87
231            android:enabled="true"
231-->[com.google.android.gms:play-services-measurement:21.5.0] AndroidManifest.xml:41:13-35
232            android:exported="false"
232-->[com.google.android.gms:play-services-measurement:21.5.0] AndroidManifest.xml:42:13-37
233            android:permission="android.permission.BIND_JOB_SERVICE" />
233-->[com.google.android.gms:play-services-measurement:21.5.0] AndroidManifest.xml:43:13-69
234
235        <property
235-->[com.google.android.gms:play-services-measurement-api:21.5.0] AndroidManifest.xml:30:9-32:61
236            android:name="android.adservices.AD_SERVICES_CONFIG"
236-->[com.google.android.gms:play-services-measurement-api:21.5.0] AndroidManifest.xml:31:13-65
237            android:resource="@xml/ga_ad_services_config" />
237-->[com.google.android.gms:play-services-measurement-api:21.5.0] AndroidManifest.xml:32:13-58
238
239        <provider
239-->[com.google.firebase:firebase-common:20.4.2] AndroidManifest.xml:23:9-28:39
240            android:name="com.google.firebase.provider.FirebaseInitProvider"
240-->[com.google.firebase:firebase-common:20.4.2] AndroidManifest.xml:24:13-77
241            android:authorities="com.hotelops.firebaseinitprovider"
241-->[com.google.firebase:firebase-common:20.4.2] AndroidManifest.xml:25:13-72
242            android:directBootAware="true"
242-->[com.google.firebase:firebase-common:20.4.2] AndroidManifest.xml:26:13-43
243            android:exported="false"
243-->[com.google.firebase:firebase-common:20.4.2] AndroidManifest.xml:27:13-37
244            android:initOrder="100" />
244-->[com.google.firebase:firebase-common:20.4.2] AndroidManifest.xml:28:13-36
245
246        <activity
246-->[com.google.android.gms:play-services-base:18.0.1] AndroidManifest.xml:20:9-22:45
247            android:name="com.google.android.gms.common.api.GoogleApiActivity"
247-->[com.google.android.gms:play-services-base:18.0.1] AndroidManifest.xml:20:19-85
248            android:exported="false"
248-->[com.google.android.gms:play-services-base:18.0.1] AndroidManifest.xml:22:19-43
249            android:theme="@android:style/Theme.Translucent.NoTitleBar" />
249-->[com.google.android.gms:play-services-base:18.0.1] AndroidManifest.xml:21:19-78
250
251        <service
251-->[androidx.room:room-runtime:2.6.1] AndroidManifest.xml:24:9-28:63
252            android:name="androidx.room.MultiInstanceInvalidationService"
252-->[androidx.room:room-runtime:2.6.1] AndroidManifest.xml:25:13-74
253            android:directBootAware="true"
253-->[androidx.room:room-runtime:2.6.1] AndroidManifest.xml:26:13-43
254            android:exported="false" />
254-->[androidx.room:room-runtime:2.6.1] AndroidManifest.xml:27:13-37
255        <service
255-->[androidx.work:work-runtime:2.9.0] AndroidManifest.xml:39:9-45:35
256            android:name="androidx.work.impl.background.systemalarm.SystemAlarmService"
256-->[androidx.work:work-runtime:2.9.0] AndroidManifest.xml:40:13-88
257            android:directBootAware="false"
257-->[androidx.work:work-runtime:2.9.0] AndroidManifest.xml:41:13-44
258            android:enabled="@bool/enable_system_alarm_service_default"
258-->[androidx.work:work-runtime:2.9.0] AndroidManifest.xml:42:13-72
259            android:exported="false" />
259-->[androidx.work:work-runtime:2.9.0] AndroidManifest.xml:43:13-37
260        <service
260-->[androidx.work:work-runtime:2.9.0] AndroidManifest.xml:46:9-52:35
261            android:name="androidx.work.impl.background.systemjob.SystemJobService"
261-->[androidx.work:work-runtime:2.9.0] AndroidManifest.xml:47:13-84
262            android:directBootAware="false"
262-->[androidx.work:work-runtime:2.9.0] AndroidManifest.xml:48:13-44
263            android:enabled="@bool/enable_system_job_service_default"